y:\inf 3610\lab 1\src\debug\vc120.pdb
y:\inf 3610\lab 1\src\debug\vc120.idb
y:\inf 3610\lab 1\src\debug\exo1.obj
y:\inf 3610\lab 1\src\debug\os_core.obj
y:\inf 3610\lab 1\src\debug\os_cpu_c.obj
y:\inf 3610\lab 1\src\debug\os_flag.obj
y:\inf 3610\lab 1\src\debug\os_mbox.obj
y:\inf 3610\lab 1\src\debug\os_mem.obj
y:\inf 3610\lab 1\src\debug\os_mutex.obj
y:\inf 3610\lab 1\src\debug\os_q.obj
y:\inf 3610\lab 1\src\debug\os_sem.obj
y:\inf 3610\lab 1\src\debug\os_task.obj
y:\inf 3610\lab 1\src\debug\os_time.obj
y:\inf 3610\lab 1\src\debug\os_trace.obj
y:\inf 3610\lab 1\src\debug\exo2.obj
y:\inf 3610\lab 1\src\debug\exo3.obj
y:\inf 3610\lab 1\src\debug\ucwindows.ilk
y:\inf 3610\lab 1\src\debug\ucwindows.exe
y:\inf 3610\lab 1\src\debug\ucwindows.pdb
y:\inf 3610\lab 1\src\.\debug\ucwindows.exe
y:\inf 3610\lab 1\src\debug\ucwindows.tlog\cl.read.1.tlog
y:\inf 3610\lab 1\src\debug\ucwindows.tlog\cl.write.1.tlog
y:\inf 3610\lab 1\src\debug\ucwindows.tlog\cl.command.1.tlog
y:\inf 3610\lab 1\src\debug\ucwindows.tlog\link.read.1.tlog
y:\inf 3610\lab 1\src\debug\ucwindows.tlog\link.write.1.tlog
y:\inf 3610\lab 1\src\debug\ucwindows.tlog\link.command.1.tlog
